        -:    0:Source:malloc.c
        -:    0:Graph:../build_gcov/malloc/malloc.gcno
        -:    0:Data:../build_gcov/malloc/malloc.gcda
        -:    0:Runs:6
        -:    0:Programs:3
        -:    1:/* Malloc implementation for multiple threads without lock contention.
        -:    2:   Copyright (C) 1996-2020 Free Software Foundation, Inc.
        -:    3:   This file is part of the GNU C Library.
        -:    4:   Contributed by Wolfram Gloger <wg@malloc.de>
        -:    5:   and Doug Lea <dl@cs.oswego.edu>, 2001.
        -:    6:
        -:    7:   The GNU C Library is free software; you can redistribute it and/or
        -:    8:   modify it under the terms of the GNU Lesser General Public License as
        -:    9:   published by the Free Software Foundation; either version 2.1 of the
        -:   10:   License, or (at your option) any later version.
        -:   11:
        -:   12:   The GNU C Library is distributed in the hope that it will be useful,
        -:   13:   but WITHOUT ANY WARRANTY; without even the implied warranty of
        -:   14:   MERCHANTABILITY or FITNESS FOR A PARTICULAR PURPOSE.  See the GNU
        -:   15:   Lesser General Public License for more details.
        -:   16:
        -:   17:   You should have received a copy of the GNU Lesser General Public
        -:   18:   License along with the GNU C Library; see the file COPYING.LIB.  If
        -:   19:   not, see <https://www.gnu.org/licenses/>.  */
        -:   20:
        -:   21:/*
        -:   22:  This is a version (aka ptmalloc2) of malloc/free/realloc written by
        -:   23:  Doug Lea and adapted to multiple threads/arenas by Wolfram Gloger.
        -:   24:
        -:   25:  There have been substantial changes made after the integration into
        -:   26:  glibc in all parts of the code.  Do not look for much commonality
        -:   27:  with the ptmalloc2 version.
        -:   28:
        -:   29:* Version ptmalloc2-20011215
        -:   30:  based on:
        -:   31:  VERSION 2.7.0 Sun Mar 11 14:14:06 2001  Doug Lea  (dl at gee)
        -:   32:
        -:   33:* Quickstart
        -:   34:
        -:   35:  In order to compile this implementation, a Makefile is provided with
        -:   36:  the ptmalloc2 distribution, which has pre-defined targets for some
        -:   37:  popular systems (e.g. "make posix" for Posix threads).  All that is
        -:   38:  typically required with regard to compiler flags is the selection of
        -:   39:  the thread package via defining one out of USE_PTHREADS, USE_THR or
        -:   40:  USE_SPROC.  Check the thread-m.h file for what effects this has.
        -:   41:  Many/most systems will additionally require USE_TSD_DATA_HACK to be
        -:   42:  defined, so this is the default for "make posix".
        -:   43:
        -:   44:* Why use this malloc?
        -:   45:
        -:   46:  This is not the fastest, most space-conserving, most portable, or
        -:   47:  most tunable malloc ever written. However it is among the fastest
        -:   48:  while also being among the most space-conserving, portable and tunable.
        -:   49:  Consistent balance across these factors results in a good general-purpose
        -:   50:  allocator for malloc-intensive programs.
        -:   51:
        -:   52:  The main properties of the algorithms are:
        -:   53:  * For large (>= 512 bytes) requests, it is a pure best-fit allocator,
        -:   54:    with ties normally decided via FIFO (i.e. least recently used).
        -:   55:  * For small (<= 64 bytes by default) requests, it is a caching
        -:   56:    allocator, that maintains pools of quickly recycled chunks.
        -:   57:  * In between, and for combinations of large and small requests, it does
        -:   58:    the best it can trying to meet both goals at once.
        -:   59:  * For very large requests (>= 128KB by default), it relies on system
        -:   60:    memory mapping facilities, if supported.
        -:   61:
        -:   62:  For a longer but slightly out of date high-level description, see
        -:   63:     http://gee.cs.oswego.edu/dl/html/malloc.html
        -:   64:
        -:   65:  You may already by default be using a C library containing a malloc
        -:   66:  that is  based on some version of this malloc (for example in
        -:   67:  linux). You might still want to use the one in this file in order to
        -:   68:  customize settings or to avoid overheads associated with library
        -:   69:  versions.
        -:   70:
        -:   71:* Contents, described in more detail in "description of public routines" below.
        -:   72:
        -:   73:  Standard (ANSI/SVID/...)  functions:
        -:   74:    malloc(size_t n);
        -:   75:    calloc(size_t n_elements, size_t element_size);
        -:   76:    free(void* p);
        -:   77:    realloc(void* p, size_t n);
        -:   78:    memalign(size_t alignment, size_t n);
        -:   79:    valloc(size_t n);
        -:   80:    mallinfo()
        -:   81:    mallopt(int parameter_number, int parameter_value)
        -:   82:
        -:   83:  Additional functions:
        -:   84:    independent_calloc(size_t n_elements, size_t size, void* chunks[]);
        -:   85:    independent_comalloc(size_t n_elements, size_t sizes[], void* chunks[]);
        -:   86:    pvalloc(size_t n);
        -:   87:    malloc_trim(size_t pad);
        -:   88:    malloc_usable_size(void* p);
        -:   89:    malloc_stats();
        -:   90:
        -:   91:* Vital statistics:
        -:   92:
        -:   93:  Supported pointer representation:       4 or 8 bytes
        -:   94:  Supported size_t  representation:       4 or 8 bytes
        -:   95:       Note that size_t is allowed to be 4 bytes even if pointers are 8.
        -:   96:       You can adjust this by defining INTERNAL_SIZE_T
        -:   97:
        -:   98:  Alignment:                              2 * sizeof(size_t) (default)
        -:   99:       (i.e., 8 byte alignment with 4byte size_t). This suffices for
        -:  100:       nearly all current machines and C compilers. However, you can
        -:  101:       define MALLOC_ALIGNMENT to be wider than this if necessary.
        -:  102:
        -:  103:  Minimum overhead per allocated chunk:   4 or 8 bytes
        -:  104:       Each malloced chunk has a hidden word of overhead holding size
        -:  105:       and status information.
        -:  106:
        -:  107:  Minimum allocated size: 4-byte ptrs:  16 bytes    (including 4 overhead)
        -:  108:			  8-byte ptrs:  24/32 bytes (including, 4/8 overhead)
        -:  109:
        -:  110:       When a chunk is freed, 12 (for 4byte ptrs) or 20 (for 8 byte
        -:  111:       ptrs but 4 byte size) or 24 (for 8/8) additional bytes are
        -:  112:       needed; 4 (8) for a trailing size field and 8 (16) bytes for
        -:  113:       free list pointers. Thus, the minimum allocatable size is
        -:  114:       16/24/32 bytes.
        -:  115:
        -:  116:       Even a request for zero bytes (i.e., malloc(0)) returns a
        -:  117:       pointer to something of the minimum allocatable size.
        -:  118:
        -:  119:       The maximum overhead wastage (i.e., number of extra bytes
        -:  120:       allocated than were requested in malloc) is less than or equal
        -:  121:       to the minimum size, except for requests >= mmap_threshold that
        -:  122:       are serviced via mmap(), where the worst case wastage is 2 *
        -:  123:       sizeof(size_t) bytes plus the remainder from a system page (the
        -:  124:       minimal mmap unit); typically 4096 or 8192 bytes.
        -:  125:
        -:  126:  Maximum allocated size:  4-byte size_t: 2^32 minus about two pages
        -:  127:			   8-byte size_t: 2^64 minus about two pages
        -:  128:
        -:  129:       It is assumed that (possibly signed) size_t values suffice to
        -:  130:       represent chunk sizes. `Possibly signed' is due to the fact
        -:  131:       that `size_t' may be defined on a system as either a signed or
        -:  132:       an unsigned type. The ISO C standard says that it must be
        -:  133:       unsigned, but a few systems are known not to adhere to this.
        -:  134:       Additionally, even when size_t is unsigned, sbrk (which is by
        -:  135:       default used to obtain memory from system) accepts signed
        -:  136:       arguments, and may not be able to handle size_t-wide arguments
        -:  137:       with negative sign bit.  Generally, values that would
        -:  138:       appear as negative after accounting for overhead and alignment
        -:  139:       are supported only via mmap(), which does not have this
        -:  140:       limitation.
        -:  141:
        -:  142:       Requests for sizes outside the allowed range will perform an optional
        -:  143:       failure action and then return null. (Requests may also
        -:  144:       also fail because a system is out of memory.)
        -:  145:
        -:  146:  Thread-safety: thread-safe
        -:  147:
        -:  148:  Compliance: I believe it is compliant with the 1997 Single Unix Specification
        -:  149:       Also SVID/XPG, ANSI C, and probably others as well.
        -:  150:
        -:  151:* Synopsis of compile-time options:
        -:  152:
        -:  153:    People have reported using previous versions of this malloc on all
        -:  154:    versions of Unix, sometimes by tweaking some of the defines
        -:  155:    below. It has been tested most extensively on Solaris and Linux.
        -:  156:    People also report using it in stand-alone embedded systems.
        -:  157:
        -:  158:    The implementation is in straight, hand-tuned ANSI C.  It is not
        -:  159:    at all modular. (Sorry!)  It uses a lot of macros.  To be at all
        -:  160:    usable, this code should be compiled using an optimizing compiler
        -:  161:    (for example gcc -O3) that can simplify expressions and control
        -:  162:    paths. (FAQ: some macros import variables as arguments rather than
        -:  163:    declare locals because people reported that some debuggers
        -:  164:    otherwise get confused.)
        -:  165:
        -:  166:    OPTION                     DEFAULT VALUE
        -:  167:
        -:  168:    Compilation Environment options:
        -:  169:
        -:  170:    HAVE_MREMAP                0
        -:  171:
        -:  172:    Changing default word sizes:
        -:  173:
        -:  174:    INTERNAL_SIZE_T            size_t
        -:  175:
        -:  176:    Configuration and functionality options:
        -:  177:
        -:  178:    USE_PUBLIC_MALLOC_WRAPPERS NOT defined
        -:  179:    USE_MALLOC_LOCK            NOT defined
        -:  180:    MALLOC_DEBUG               NOT defined
        -:  181:    REALLOC_ZERO_BYTES_FREES   1
        -:  182:    TRIM_FASTBINS              0
        -:  183:
        -:  184:    Options for customizing MORECORE:
        -:  185:
        -:  186:    MORECORE                   sbrk
        -:  187:    MORECORE_FAILURE           -1
        -:  188:    MORECORE_CONTIGUOUS        1
        -:  189:    MORECORE_CANNOT_TRIM       NOT defined
        -:  190:    MORECORE_CLEARS            1
        -:  191:    MMAP_AS_MORECORE_SIZE      (1024 * 1024)
        -:  192:
        -:  193:    Tuning options that are also dynamically changeable via mallopt:
        -:  194:
        -:  195:    DEFAULT_MXFAST             64 (for 32bit), 128 (for 64bit)
        -:  196:    DEFAULT_TRIM_THRESHOLD     128 * 1024
        -:  197:    DEFAULT_TOP_PAD            0
        -:  198:    DEFAULT_MMAP_THRESHOLD     128 * 1024
        -:  199:    DEFAULT_MMAP_MAX           65536
        -:  200:
        -:  201:    There are several other #defined constants and macros that you
        -:  202:    probably don't want to touch unless you are extending or adapting malloc.  */
        -:  203:
        -:  204:/*
        -:  205:  void* is the pointer type that malloc should say it returns
        -:  206:*/
        -:  207:
        -:  208:#ifndef void
        -:  209:#define void      void
        -:  210:#endif /*void*/
        -:  211:
        -:  212:#include <stddef.h>   /* for size_t */
        -:  213:#include <stdlib.h>   /* for getenv(), abort() */
        -:  214:#include <unistd.h>   /* for __libc_enable_secure */
        -:  215:
        -:  216:#include <atomic.h>
        -:  217:#include <_itoa.h>
        -:  218:#include <bits/wordsize.h>
        -:  219:#include <sys/sysinfo.h>
        -:  220:
        -:  221:#include <ldsodefs.h>
        -:  222:
        -:  223:#include <unistd.h>
        -:  224:#include <stdio.h>    /* needed for malloc_stats */
        -:  225:#include <errno.h>
        -:  226:#include <assert.h>
        -:  227:
        -:  228:#include <shlib-compat.h>
        -:  229:
        -:  230:/* For uintptr_t.  */
        -:  231:#include <stdint.h>
        -:  232:
        -:  233:/* For va_arg, va_start, va_end.  */
        -:  234:#include <stdarg.h>
        -:  235:
        -:  236:/* For MIN, MAX, powerof2.  */
        -:  237:#include <sys/param.h>
        -:  238:
        -:  239:/* For ALIGN_UP et. al.  */
        -:  240:#include <libc-pointer-arith.h>
        -:  241:
        -:  242:/* For DIAG_PUSH/POP_NEEDS_COMMENT et al.  */
        -:  243:#include <libc-diag.h>
        -:  244:
        -:  245:#include <malloc/malloc-internal.h>
        -:  246:
        -:  247:/* For SINGLE_THREAD_P.  */
        -:  248:#include <sysdep-cancel.h>
        -:  249:
        -:  250:/*
        -:  251:  Debugging:
        -:  252:
        -:  253:  Because freed chunks may be overwritten with bookkeeping fields, this
        -:  254:  malloc will often die when freed memory is overwritten by user
        -:  255:  programs.  This can be very effective (albeit in an annoying way)
        -:  256:  in helping track down dangling pointers.
        -:  257:
        -:  258:  If you compile with -DMALLOC_DEBUG, a number of assertion checks are
        -:  259:  enabled that will catch more memory errors. You probably won't be
        -:  260:  able to make much sense of the actual assertion errors, but they
        -:  261:  should help you locate incorrectly overwritten memory.  The checking
        -:  262:  is fairly extensive, and will slow down execution
        -:  263:  noticeably. Calling malloc_stats or mallinfo with MALLOC_DEBUG set
        -:  264:  will attempt to check every non-mmapped allocated and free chunk in
        -:  265:  the course of computing the summmaries. (By nature, mmapped regions
        -:  266:  cannot be checked very much automatically.)
        -:  267:
        -:  268:  Setting MALLOC_DEBUG may also be helpful if you are trying to modify
        -:  269:  this code. The assertions in the check routines spell out in more
        -:  270:  detail the assumptions and invariants underlying the algorithms.
        -:  271:
        -:  272:  Setting MALLOC_DEBUG does NOT provide an automated mechanism for
        -:  273:  checking that all accesses to malloced memory stay within their
        -:  274:  bounds. However, there are several add-ons and adaptations of this
        -:  275:  or other mallocs available that do this.
        -:  276:*/
        -:  277:
        -:  278:#ifndef MALLOC_DEBUG
        -:  279:#define MALLOC_DEBUG 0
        -:  280:#endif
        -:  281:
        -:  282:#ifndef NDEBUG
        -:  283:# define __assert_fail(assertion, file, line, function)			\
        -:  284:	 __malloc_assert(assertion, file, line, function)
        -:  285:
        -:  286:extern const char *__progname;
        -:  287:
        -:  288:static void
function __malloc_assert called 0 returned 0% blocks executed 0%
    #####:  289:__malloc_assert (const char *assertion, const char *file, unsigned int line,
        -:  290:		 const char *function)
        -:  291:{
    #####:  292:  (void) __fxprintf (NULL, "%s%s%s:%u: %s%sAssertion `%s' failed.\n",
branch  0 never executed
branch  1 never executed
branch  2 never executed
branch  3 never executed
branch  4 never executed
branch  5 never executed
call    6 never executed
    #####:  293:		     __progname, __progname[0] ? ": " : "",
        -:  294:		     file, line,
        -:  295:		     function ? function : "", function ? ": " : "",
        -:  296:		     assertion);
    #####:  297:  fflush (stderr);
call    0 never executed
    #####:  298:  abort ();
        -:  299:}
        -:  300:#endif
        -:  301:
        -:  302:#if USE_TCACHE
        -:  303:/* We want 64 entries.  This is an arbitrary limit, which tunables can reduce.  */
        -:  304:# define TCACHE_MAX_BINS		64
        -:  305:# define MAX_TCACHE_SIZE	tidx2usize (TCACHE_MAX_BINS-1)
        -:  306:
        -:  307:/* Only used to pre-fill the tunables.  */
        -:  308:# define tidx2usize(idx)	(((size_t) idx) * MALLOC_ALIGNMENT + MINSIZE - SIZE_SZ)
        -:  309:
        -:  310:/* When "x" is from chunksize().  */
        -:  311:# define csize2tidx(x) (((x) - MINSIZE + MALLOC_ALIGNMENT - 1) / MALLOC_ALIGNMENT)
        -:  312:/* When "x" is a user-provided size.  */
        -:  313:# define usize2tidx(x) csize2tidx (request2size (x))
        -:  314:
        -:  315:/* With rounding and alignment, the bins are...
        -:  316:   idx 0   bytes 0..24 (64-bit) or 0..12 (32-bit)
        -:  317:   idx 1   bytes 25..40 or 13..20
        -:  318:   idx 2   bytes 41..56 or 21..28
        -:  319:   etc.  */
        -:  320:
        -:  321:/* This is another arbitrary limit, which tunables can change.  Each
        -:  322:   tcache bin will hold at most this number of chunks.  */
        -:  323:# define TCACHE_FILL_COUNT 7
        -:  324:
        -:  325:/* Maximum chunks in tcache bins for tunables.  This value must fit the range
        -:  326:   of tcache->counts[] entries, else they may overflow.  */
        -:  327:# define MAX_TCACHE_COUNT UINT16_MAX
        -:  328:#endif
        -:  329:
        -:  330:/* Safe-Linking:
        -:  331:   Use randomness from ASLR (mmap_base) to protect single-linked lists
        -:  332:   of Fast-Bins and TCache.  That is, mask the "next" pointers of the
        -:  333:   lists' chunks, and also perform allocation alignment checks on them.
        -:  334:   This mechanism reduces the risk of pointer hijacking, as was done with
        -:  335:   Safe-Unlinking in the double-linked lists of Small-Bins.
        -:  336:   It assumes a minimum page size of 4096 bytes (12 bits).  Systems with
        -:  337:   larger pages provide less entropy, although the pointer mangling
        -:  338:   still works.  */
        -:  339:#define PROTECT_PTR(pos, ptr) \
        -:  340:  ((__typeof (ptr)) ((((size_t) pos) >> 12) ^ ((size_t) ptr)))
        -:  341:#define REVEAL_PTR(ptr)  PROTECT_PTR (&ptr, ptr)
        -:  342:
        -:  343:/*
        -:  344:  REALLOC_ZERO_BYTES_FREES should be set if a call to
        -:  345:  realloc with zero bytes should be the same as a call to free.
        -:  346:  This is required by the C standard. Otherwise, since this malloc
        -:  347:  returns a unique pointer for malloc(0), so does realloc(p, 0).
        -:  348:*/
        -:  349:
        -:  350:#ifndef REALLOC_ZERO_BYTES_FREES
        -:  351:#define REALLOC_ZERO_BYTES_FREES 1
        -:  352:#endif
        -:  353:
        -:  354:/*
        -:  355:  TRIM_FASTBINS controls whether free() of a very small chunk can
        -:  356:  immediately lead to trimming. Setting to true (1) can reduce memory
        -:  357:  footprint, but will almost always slow down programs that use a lot
        -:  358:  of small chunks.
        -:  359:
        -:  360:  Define this only if you are willing to give up some speed to more
        -:  361:  aggressively reduce system-level memory footprint when releasing
        -:  362:  memory in programs that use many small chunks.  You can get
        -:  363:  essentially the same effect by setting MXFAST to 0, but this can
        -:  364:  lead to even greater slowdowns in programs using many small chunks.
        -:  365:  TRIM_FASTBINS is an in-between compile-time option, that disables
        -:  366:  only those chunks bordering topmost memory from being placed in
        -:  367:  fastbins.
        -:  368:*/
        -:  369:
        -:  370:#ifndef TRIM_FASTBINS
        -:  371:#define TRIM_FASTBINS  0
        -:  372:#endif
        -:  373:
        -:  374:
        -:  375:/* Definition for getting more memory from the OS.  */
        -:  376:#define MORECORE         (*__morecore)
        -:  377:#define MORECORE_FAILURE 0
        -:  378:void * __default_morecore (ptrdiff_t);
        -:  379:void *(*__morecore)(ptrdiff_t) = __default_morecore;
        -:  380:
        -:  381:
        -:  382:#include <string.h>
        -:  383:
        -:  384:/*
        -:  385:  MORECORE-related declarations. By default, rely on sbrk
        -:  386:*/
        -:  387:
        -:  388:
        -:  389:/*
        -:  390:  MORECORE is the name of the routine to call to obtain more memory
        -:  391:  from the system.  See below for general guidance on writing
        -:  392:  alternative MORECORE functions, as well as a version for WIN32 and a
        -:  393:  sample version for pre-OSX macos.
        -:  394:*/
        -:  395:
        -:  396:#ifndef MORECORE
        -:  397:#define MORECORE sbrk
        -:  398:#endif
        -:  399:
        -:  400:/*
        -:  401:  MORECORE_FAILURE is the value returned upon failure of MORECORE
        -:  402:  as well as mmap. Since it cannot be an otherwise valid memory address,
        -:  403:  and must reflect values of standard sys calls, you probably ought not
        -:  404:  try to redefine it.
        -:  405:*/
        -:  406:
        -:  407:#ifndef MORECORE_FAILURE
        -:  408:#define MORECORE_FAILURE (-1)
        -:  409:#endif
        -:  410:
        -:  411:/*
        -:  412:  If MORECORE_CONTIGUOUS is true, take advantage of fact that
        -:  413:  consecutive calls to MORECORE with positive arguments always return
        -:  414:  contiguous increasing addresses.  This is true of unix sbrk.  Even
        -:  415:  if not defined, when regions happen to be contiguous, malloc will
        -:  416:  permit allocations spanning regions obtained from different
        -:  417:  calls. But defining this when applicable enables some stronger
        -:  418:  consistency checks and space efficiencies.
        -:  419:*/
        -:  420:
        -:  421:#ifndef MORECORE_CONTIGUOUS
        -:  422:#define MORECORE_CONTIGUOUS 1
        -:  423:#endif
        -:  424:
        -:  425:/*
        -:  426:  Define MORECORE_CANNOT_TRIM if your version of MORECORE
        -:  427:  cannot release space back to the system when given negative
        -:  428:  arguments. This is generally necessary only if you are using
        -:  429:  a hand-crafted MORECORE function that cannot handle negative arguments.
        -:  430:*/
        -:  431:
        -:  432:/* #define MORECORE_CANNOT_TRIM */
        -:  433:
        -:  434:/*  MORECORE_CLEARS           (default 1)
        -:  435:     The degree to which the routine mapped to MORECORE zeroes out
        -:  436:     memory: never (0), only for newly allocated space (1) or always
        -:  437:     (2).  The distinction between (1) and (2) is necessary because on
        -:  438:     some systems, if the application first decrements and then
        -:  439:     increments the break value, the contents of the reallocated space
        -:  440:     are unspecified.
        -:  441: */
        -:  442:
        -:  443:#ifndef MORECORE_CLEARS
        -:  444:# define MORECORE_CLEARS 1
        -:  445:#endif
        -:  446:
        -:  447:
        -:  448:/*
        -:  449:   MMAP_AS_MORECORE_SIZE is the minimum mmap size argument to use if
        -:  450:   sbrk fails, and mmap is used as a backup.  The value must be a
        -:  451:   multiple of page size.  This backup strategy generally applies only
        -:  452:   when systems have "holes" in address space, so sbrk cannot perform
        -:  453:   contiguous expansion, but there is still space available on system.
        -:  454:   On systems for which this is known to be useful (i.e. most linux
        -:  455:   kernels), this occurs only when programs allocate huge amounts of
        -:  456:   memory.  Between this, and the fact that mmap regions tend to be
        -:  457:   limited, the size should be large, to avoid too many mmap calls and
        -:  458:   thus avoid running out of kernel resources.  */
        -:  459:
        -:  460:#ifndef MMAP_AS_MORECORE_SIZE
        -:  461:#define MMAP_AS_MORECORE_SIZE (1024 * 1024)
        -:  462:#endif
        -:  463:
        -:  464:/*
        -:  465:  Define HAVE_MREMAP to make realloc() use mremap() to re-allocate
        -:  466:  large blocks.
        -:  467:*/
        -:  468:
        -:  469:#ifndef HAVE_MREMAP
        -:  470:#define HAVE_MREMAP 0
        -:  471:#endif
        -:  472:
        -:  473:/* We may need to support __malloc_initialize_hook for backwards
        -:  474:   compatibility.  */
        -:  475:
        -:  476:#if SHLIB_COMPAT (libc, GLIBC_2_0, GLIBC_2_24)
        -:  477:# define HAVE_MALLOC_INIT_HOOK 1
        -:  478:#else
        -:  479:# define HAVE_MALLOC_INIT_HOOK 0
        -:  480:#endif
        -:  481:
        -:  482:
        -:  483:/*
        -:  484:  This version of malloc supports the standard SVID/XPG mallinfo
        -:  485:  routine that returns a struct containing usage properties and
        -:  486:  statistics. It should work on any SVID/XPG compliant system that has
        -:  487:  a /usr/include/malloc.h defining struct mallinfo. (If you'd like to
        -:  488:  install such a thing yourself, cut out the preliminary declarations
        -:  489:  as described above and below and save them in a malloc.h file. But
        -:  490:  there's no compelling reason to bother to do this.)
        -:  491:
        -:  492:  The main declaration needed is the mallinfo struct that is returned
        -:  493:  (by-copy) by mallinfo().  The SVID/XPG malloinfo struct contains a
        -:  494:  bunch of fields that are not even meaningful in this version of
        -:  495:  malloc.  These fields are are instead filled by mallinfo() with
        -:  496:  other numbers that might be of interest.
        -:  497:*/
        -:  498:
        -:  499:
        -:  500:/* ---------- description of public routines ------------ */
        -:  501:
        -:  502:/*
        -:  503:  malloc(size_t n)
        -:  504:  Returns a pointer to a newly allocated chunk of at least n bytes, or null
        -:  505:  if no space is available. Additionally, on failure, errno is
        -:  506:  set to ENOMEM on ANSI C systems.
        -:  507:
        -:  508:  If n is zero, malloc returns a minumum-sized chunk. (The minimum
        -:  509:  size is 16 bytes on most 32bit systems, and 24 or 32 bytes on 64bit
        -:  510:  systems.)  On most systems, size_t is an unsigned type, so calls
        -:  511:  with negative arguments are interpreted as requests for huge amounts
        -:  512:  of space, which will often fail. The maximum supported value of n
        -:  513:  differs across systems, but is in all cases less than the maximum
        -:  514:  representable value of a size_t.
        -:  515:*/
        -:  516:void*  __libc_malloc(size_t);
        -:  517:libc_hidden_proto (__libc_malloc)
        -:  518:
        -:  519:/*
        -:  520:  free(void* p)
        -:  521:  Releases the chunk of memory pointed to by p, that had been previously
        -:  522:  allocated using malloc or a related routine such as realloc.
        -:  523:  It has no effect if p is null. It can have arbitrary (i.e., bad!)
        -:  524:  effects if p has already been freed.
        -:  525:
        -:  526:  Unless disabled (using mallopt), freeing very large spaces will
        -:  527:  when possible, automatically trigger operations that give
        -:  528:  back unused memory to the system, thus reducing program footprint.
        -:  529:*/
        -:  530:void     __libc_free(void*);
        -:  531:libc_hidden_proto (__libc_free)
        -:  532:
        -:  533:/*
        -:  534:  calloc(size_t n_elements, size_t element_size);
        -:  535:  Returns a pointer to n_elements * element_size bytes, with all locations
        -:  536:  set to zero.
        -:  537:*/
        -:  538:void*  __libc_calloc(size_t, size_t);
        -:  539:
        -:  540:/*
        -:  541:  realloc(void* p, size_t n)
        -:  542:  Returns a pointer to a chunk of size n that contains the same data
        -:  543:  as does chunk p up to the minimum of (n, p's size) bytes, or null
        -:  544:  if no space is available.
        -:  545:
        -:  546:  The returned pointer may or may not be the same as p. The algorithm
        -:  547:  prefers extending p when possible, otherwise it employs the
        -:  548:  equivalent of a malloc-copy-free sequence.
        -:  549:
        -:  550:  If p is null, realloc is equivalent to malloc.
        -:  551:
        -:  552:  If space is not available, realloc returns null, errno is set (if on
        -:  553:  ANSI) and p is NOT freed.
        -:  554:
        -:  555:  if n is for fewer bytes than already held by p, the newly unused
        -:  556:  space is lopped off and freed if possible.  Unless the #define
        -:  557:  REALLOC_ZERO_BYTES_FREES is set, realloc with a size argument of
        -:  558:  zero (re)allocates a minimum-sized chunk.
        -:  559:
        -:  560:  Large chunks that were internally obtained via mmap will always be
        -:  561:  grown using malloc-copy-free sequences unless the system supports
        -:  562:  MREMAP (currently only linux).
        -:  563:
        -:  564:  The old unix realloc convention of allowing the last-free'd chunk
        -:  565:  to be used as an argument to realloc is not supported.
        -:  566:*/
        -:  567:void*  __libc_realloc(void*, size_t);
        -:  568:libc_hidden_proto (__libc_realloc)
        -:  569:
        -:  570:/*
        -:  571:  memalign(size_t alignment, size_t n);
        -:  572:  Returns a pointer to a newly allocated chunk of n bytes, aligned
        -:  573:  in accord with the alignment argument.
        -:  574:
        -:  575:  The alignment argument should be a power of two. If the argument is
        -:  576:  not a power of two, the nearest greater power is used.
        -:  577:  8-byte alignment is guaranteed by normal malloc calls, so don't
        -:  578:  bother calling memalign with an argument of 8 or less.
        -:  579:
        -:  580:  Overreliance on memalign is a sure way to fragment space.
        -:  581:*/
        -:  582:void*  __libc_memalign(size_t, size_t);
        -:  583:libc_hidden_proto (__libc_memalign)
        -:  584:
        -:  585:/*
        -:  586:  valloc(size_t n);
        -:  587:  Equivalent to memalign(pagesize, n), where pagesize is the page
        -:  588:  size of the system. If the pagesize is unknown, 4096 is used.
        -:  589:*/
        -:  590:void*  __libc_valloc(size_t);
        -:  591:
        -:  592:
        -:  593:
        -:  594:/*
        -:  595:  mallopt(int parameter_number, int parameter_value)
        -:  596:  Sets tunable parameters The format is to provide a
        -:  597:  (parameter-number, parameter-value) pair.  mallopt then sets the
        -:  598:  corresponding parameter to the argument value if it can (i.e., so
        -:  599:  long as the value is meaningful), and returns 1 if successful else
        -:  600:  0.  SVID/XPG/ANSI defines four standard param numbers for mallopt,
        -:  601:  normally defined in malloc.h.  Only one of these (M_MXFAST) is used
        -:  602:  in this malloc. The others (M_NLBLKS, M_GRAIN, M_KEEP) don't apply,
        -:  603:  so setting them has no effect. But this malloc also supports four
        -:  604:  other options in mallopt. See below for details.  Briefly, supported
        -:  605:  parameters are as follows (listed defaults are for "typical"
        -:  606:  configurations).
        -:  607:
        -:  608:  Symbol            param #   default    allowed param values
        -:  609:  M_MXFAST          1         64         0-80  (0 disables fastbins)
        -:  610:  M_TRIM_THRESHOLD -1         128*1024   any   (-1U disables trimming)
        -:  611:  M_TOP_PAD        -2         0          any
        -:  612:  M_MMAP_THRESHOLD -3         128*1024   any   (or 0 if no MMAP support)
        -:  613:  M_MMAP_MAX       -4         65536      any   (0 disables use of mmap)
        -:  614:*/
        -:  615:int      __libc_mallopt(int, int);
        -:  616:libc_hidden_proto (__libc_mallopt)
        -:  617:
        -:  618:
        -:  619:/*
        -:  620:  mallinfo()
        -:  621:  Returns (by copy) a struct containing various summary statistics:
        -:  622:
        -:  623:  arena:     current total non-mmapped bytes allocated from system
        -:  624:  ordblks:   the number of free chunks
        -:  625:  smblks:    the number of fastbin blocks (i.e., small chunks that
        -:  626:	       have been freed but not use resused or consolidated)
        -:  627:  hblks:     current number of mmapped regions
        -:  628:  hblkhd:    total bytes held in mmapped regions
        -:  629:  usmblks:   always 0
        -:  630:  fsmblks:   total bytes held in fastbin blocks
        -:  631:  uordblks:  current total allocated space (normal or mmapped)
        -:  632:  fordblks:  total free space
        -:  633:  keepcost:  the maximum number of bytes that could ideally be released
        -:  634:	       back to system via malloc_trim. ("ideally" means that
        -:  635:	       it ignores page restrictions etc.)
        -:  636:
        -:  637:  Because these fields are ints, but internal bookkeeping may
        -:  638:  be kept as longs, the reported values may wrap around zero and
        -:  639:  thus be inaccurate.
        -:  640:*/
        -:  641:struct mallinfo __libc_mallinfo(void);
        -:  642:
        -:  643:
        -:  644:/*
        -:  645:  pvalloc(size_t n);
        -:  646:  Equivalent to valloc(minimum-page-that-holds(n)), that is,
        -:  647:  round up n to nearest pagesize.
        -:  648: */
        -:  649:void*  __libc_pvalloc(size_t);
        -:  650:
        -:  651:/*
        -:  652:  malloc_trim(size_t pad);
        -:  653:
        -:  654:  If possible, gives memory back to the system (via negative
        -:  655:  arguments to sbrk) if there is unused memory at the `high' end of
        -:  656:  the malloc pool. You can call this after freeing large blocks of
        -:  657:  memory to potentially reduce the system-level memory requirements
        -:  658:  of a program. However, it cannot guarantee to reduce memory. Under
        -:  659:  some allocation patterns, some large free blocks of memory will be
        -:  660:  locked between two used chunks, so they cannot be given back to
        -:  661:  the system.
        -:  662:
        -:  663:  The `pad' argument to malloc_trim represents the amount of free
        -:  664:  trailing space to leave untrimmed. If this argument is zero,
        -:  665:  only the minimum amount of memory to maintain internal data
        -:  666:  structures will be left (one page or less). Non-zero arguments
        -:  667:  can be supplied to maintain enough trailing space to service
        -:  668:  future expected allocations without having to re-obtain memory
        -:  669:  from the system.
        -:  670:
        -:  671:  Malloc_trim returns 1 if it actually released any memory, else 0.
        -:  672:  On systems that do not support "negative sbrks", it will always
        -:  673:  return 0.
        -:  674:*/
        -:  675:int      __malloc_trim(size_t);
        -:  676:
        -:  677:/*
        -:  678:  malloc_usable_size(void* p);
        -:  679:
        -:  680:  Returns the number of bytes you can actually use in
        -:  681:  an allocated chunk, which may be more than you requested (although
        -:  682:  often not) due to alignment and minimum size constraints.
        -:  683:  You can use this many bytes without worrying about
        -:  684:  overwriting other allocated objects. This is not a particularly great
        -:  685:  programming practice. malloc_usable_size can be more useful in
        -:  686:  debugging and assertions, for example:
        -:  687:
        -:  688:  p = malloc(n);
        -:  689:  assert(malloc_usable_size(p) >= 256);
        -:  690:
        -:  691:*/
        -:  692:size_t   __malloc_usable_size(void*);
        -:  693:
        -:  694:/*
        -:  695:  malloc_stats();
        -:  696:  Prints on stderr the amount of space obtained from the system (both
        -:  697:  via sbrk and mmap), the maximum amount (which may be more than
        -:  698:  current if malloc_trim and/or munmap got called), and the current
        -:  699:  number of bytes allocated via malloc (or realloc, etc) but not yet
        -:  700:  freed. Note that this is the number of bytes allocated, not the
        -:  701:  number requested. It will be larger than the number requested
        -:  702:  because of alignment and bookkeeping overhead. Because it includes
        -:  703:  alignment wastage as being in use, this figure may be greater than
        -:  704:  zero even when no user-level chunks are allocated.
        -:  705:
        -:  706:  The reported current and maximum system memory can be inaccurate if
        -:  707:  a program makes other calls to system memory allocation functions
        -:  708:  (normally sbrk) outside of malloc.
        -:  709:
        -:  710:  malloc_stats prints only the most commonly interesting statistics.
        -:  711:  More information can be obtained by calling mallinfo.
        -:  712:
        -:  713:*/
        -:  714:void     __malloc_stats(void);
        -:  715:
        -:  716:/*
        -:  717:  posix_memalign(void **memptr, size_t alignment, size_t size);
        -:  718:
        -:  719:  POSIX wrapper like memalign(), checking for validity of size.
        -:  720:*/
        -:  721:int      __posix_memalign(void **, size_t, size_t);
        -:  722:
        -:  723:/* mallopt tuning options */
        -:  724:
        -:  725:/*
        -:  726:  M_MXFAST is the maximum request size used for "fastbins", special bins
        -:  727:  that hold returned chunks without consolidating their spaces. This
        -:  728:  enables future requests for chunks of the same size to be handled
        -:  729:  very quickly, but can increase fragmentation, and thus increase the
        -:  730:  overall memory footprint of a program.
        -:  731:
        -:  732:  This malloc manages fastbins very conservatively yet still
        -:  733:  efficiently, so fragmentation is rarely a problem for values less
        -:  734:  than or equal to the default.  The maximum supported value of MXFAST
        -:  735:  is 80. You wouldn't want it any higher than this anyway.  Fastbins
        -:  736:  are designed especially for use with many small structs, objects or
        -:  737:  strings -- the default handles structs/objects/arrays with sizes up
        -:  738:  to 8 4byte fields, or small strings representing words, tokens,
        -:  739:  etc. Using fastbins for larger objects normally worsens
        -:  740:  fragmentation without improving speed.
        -:  741:
        -:  742:  M_MXFAST is set in REQUEST size units. It is internally used in
        -:  743:  chunksize units, which adds padding and alignment.  You can reduce
        -:  744:  M_MXFAST to 0 to disable all use of fastbins.  This causes the malloc
        -:  745:  algorithm to be a closer approximation of fifo-best-fit in all cases,
        -:  746:  not just for larger requests, but will generally cause it to be
        -:  747:  slower.
        -:  748:*/
        -:  749:
        -:  750:
        -:  751:/* M_MXFAST is a standard SVID/XPG tuning option, usually listed in malloc.h */
        -:  752:#ifndef M_MXFAST
        -:  753:#define M_MXFAST            1
        -:  754:#endif
        -:  755:
        -:  756:#ifndef DEFAULT_MXFAST
        -:  757:#define DEFAULT_MXFAST     (64 * SIZE_SZ / 4)
        -:  758:#endif
        -:  759:
        -:  760:
        -:  761:/*
        -:  762:  M_TRIM_THRESHOLD is the maximum amount of unused top-most memory
        -:  763:  to keep before releasing via malloc_trim in free().
        -:  764:
        -:  765:  Automatic trimming is mainly useful in long-lived programs.
        -:  766:  Because trimming via sbrk can be slow on some systems, and can
        -:  767:  sometimes be wasteful (in cases where programs immediately
        -:  768:  afterward allocate more large chunks) the value should be high
        -:  769:  enough so that your overall system performance would improve by
        -:  770:  releasing this much memory.
        -:  771:
        -:  772:  The trim threshold and the mmap control parameters (see below)
        -:  773:  can be traded off with one another. Trimming and mmapping are
        -:  774:  two different ways of releasing unused memory back to the
        -:  775:  system. Between these two, it is often possible to keep
        -:  776:  system-level demands of a long-lived program down to a bare
        -:  777:  minimum. For example, in one test suite of sessions measuring
        -:  778:  the XF86 X server on Linux, using a trim threshold of 128K and a
        -:  779:  mmap threshold of 192K led to near-minimal long term resource
        -:  780:  consumption.
        -:  781:
        -:  782:  If you are using this malloc in a long-lived program, it should
        -:  783:  pay to experiment with these values.  As a rough guide, you
        -:  784:  might set to a value close to the average size of a process
        -:  785:  (program) running on your system.  Releasing this much memory
        -:  786:  would allow such a process to run in memory.  Generally, it's
        -:  787:  worth it to tune for trimming rather tham memory mapping when a
        -:  788:  program undergoes phases where several large chunks are
        -:  789:  allocated and released in ways that can reuse each other's
        -:  790:  storage, perhaps mixed with phases where there are no such
        -:  791:  chunks at all.  And in well-behaved long-lived programs,
        -:  792:  controlling release of large blocks via trimming versus mapping
        -:  793:  is usually faster.
        -:  794:
        -:  795:  However, in most programs, these parameters serve mainly as
        -:  796:  protection against the system-level effects of carrying around
        -:  797:  massive amounts of unneeded memory. Since frequent calls to
        -:  798:  sbrk, mmap, and munmap otherwise degrade performance, the default
        -:  799:  parameters are set to relatively high values that serve only as
        -:  800:  safeguards.
        -:  801:
        -:  802:  The trim value It must be greater than page size to have any useful
        -:  803:  effect.  To disable trimming completely, you can set to
        -:  804:  (unsigned long)(-1)
        -:  805:
        -:  806:  Trim settings interact with fastbin (MXFAST) settings: Unless
        -:  807:  TRIM_FASTBINS is defined, automatic trimming never takes place upon
        -:  808:  freeing a chunk with size less than or equal to MXFAST. Trimming is
        -:  809:  instead delayed until subsequent freeing of larger chunks. However,
        -:  810:  you can still force an attempted trim by calling malloc_trim.
        -:  811:
        -:  812:  Also, trimming is not generally possible in cases where
        -:  813:  the main arena is obtained via mmap.
        -:  814:
        -:  815:  Note that the trick some people use of mallocing a huge space and
        -:  816:  then freeing it at program startup, in an attempt to reserve system
        -:  817:  memory, doesn't have the intended effect under automatic trimming,
        -:  818:  since that memory will immediately be returned to the system.
        -:  819:*/
        -:  820:
        -:  821:#define M_TRIM_THRESHOLD       -1
        -:  822:
        -:  823:#ifndef DEFAULT_TRIM_THRESHOLD
        -:  824:#define DEFAULT_TRIM_THRESHOLD (128 * 1024)
        -:  825:#endif
        -:  826:
        -:  827:/*
        -:  828:  M_TOP_PAD is the amount of extra `padding' space to allocate or
        -:  829:  retain whenever sbrk is called. It is used in two ways internally:
        -:  830:
        -:  831:  * When sbrk is called to extend the top of the arena to satisfy
        -:  832:  a new malloc request, this much padding is added to the sbrk
        -:  833:  request.
        -:  834:
        -:  835:  * When malloc_trim is called automatically from free(),
        -:  836:  it is used as the `pad' argument.
        -:  837:
        -:  838:  In both cases, the actual amount of padding is rounded
        -:  839:  so that the end of the arena is always a system page boundary.
        -:  840:
        -:  841:  The main reason for using padding is to avoid calling sbrk so
        -:  842:  often. Having even a small pad greatly reduces the likelihood
        -:  843:  that nearly every malloc request during program start-up (or
        -:  844:  after trimming) will invoke sbrk, which needlessly wastes
        -:  845:  time.
        -:  846:
        -:  847:  Automatic rounding-up to page-size units is normally sufficient
        -:  848:  to avoid measurable overhead, so the default is 0.  However, in
        -:  849:  systems where sbrk is relatively slow, it can pay to increase
        -:  850:  this value, at the expense of carrying around more memory than
        -:  851:  the program needs.
        -:  852:*/
        -:  853:
        -:  854:#define M_TOP_PAD              -2
        -:  855:
        -:  856:#ifndef DEFAULT_TOP_PAD
        -:  857:#define DEFAULT_TOP_PAD        (0)
        -:  858:#endif
        -:  859:
        -:  860:/*
        -:  861:  MMAP_THRESHOLD_MAX and _MIN are the bounds on the dynamically
        -:  862:  adjusted MMAP_THRESHOLD.
        -:  863:*/
        -:  864:
        -:  865:#ifndef DEFAULT_MMAP_THRESHOLD_MIN
        -:  866:#define DEFAULT_MMAP_THRESHOLD_MIN (128 * 1024)
        -:  867:#endif
        -:  868:
        -:  869:#ifndef DEFAULT_MMAP_THRESHOLD_MAX
        -:  870:  /* For 32-bit platforms we cannot increase the maximum mmap
        -:  871:     threshold much because it is also the minimum value for the
        -:  872:     maximum heap size and its alignment.  Going above 512k (i.e., 1M
        -:  873:     for new heaps) wastes too much address space.  */
        -:  874:# if __WORDSIZE == 32
        -:  875:#  define DEFAULT_MMAP_THRESHOLD_MAX (512 * 1024)
        -:  876:# else
        -:  877:#  define DEFAULT_MMAP_THRESHOLD_MAX (4 * 1024 * 1024 * sizeof(long))
        -:  878:# endif
        -:  879:#endif
        -:  880:
        -:  881:/*
        -:  882:  M_MMAP_THRESHOLD is the request size threshold for using mmap()
        -:  883:  to service a request. Requests of at least this size that cannot
        -:  884:  be allocated using already-existing space will be serviced via mmap.
        -:  885:  (If enough normal freed space already exists it is used instead.)
        -:  886:
        -:  887:  Using mmap segregates relatively large chunks of memory so that
        -:  888:  they can be individually obtained and released from the host
        -:  889:  system. A request serviced through mmap is never reused by any
        -:  890:  other request (at least not directly; the system may just so
        -:  891:  happen to remap successive requests to the same locations).
        -:  892:
        -:  893:  Segregating space in this way has the benefits that:
        -:  894:
        -:  895:   1. Mmapped space can ALWAYS be individually released back
        -:  896:      to the system, which helps keep the system level memory
        -:  897:      demands of a long-lived program low.
        -:  898:   2. Mapped memory can never become `locked' between
        -:  899:      other chunks, as can happen with normally allocated chunks, which
        -:  900:      means that even trimming via malloc_trim would not release them.
        -:  901:   3. On some systems with "holes" in address spaces, mmap can obtain
        -:  902:      memory that sbrk cannot.
        -:  903:
        -:  904:  However, it has the disadvantages that:
        -:  905:
        -:  906:   1. The space cannot be reclaimed, consolidated, and then
        -:  907:      used to service later requests, as happens with normal chunks.
        -:  908:   2. It can lead to more wastage because of mmap page alignment
        -:  909:      requirements
        -:  910:   3. It causes malloc performance to be more dependent on host
        -:  911:      system memory management support routines which may vary in
        -:  912:      implementation quality and may impose arbitrary
        -:  913:      limitations. Generally, servicing a request via normal
        -:  914:      malloc steps is faster than going through a system's mmap.
        -:  915:
        -:  916:  The advantages of mmap nearly always outweigh disadvantages for
        -:  917:  "large" chunks, but the value of "large" varies across systems.  The
        -:  918:  default is an empirically derived value that works well in most
        -:  919:  systems.
        -:  920:
        -:  921:
        -:  922:  Update in 2006:
        -:  923:  The above was written in 2001. Since then the world has changed a lot.
        -:  924:  Memory got bigger. Applications got bigger. The virtual address space
        -:  925:  layout in 32 bit linux changed.
        -:  926:
        -:  927:  In the new situation, brk() and mmap space is shared and there are no
        -:  928:  artificial limits on brk size imposed by the kernel. What is more,
        -:  929:  applications have started using transient allocations larger than the
        -:  930:  128Kb as was imagined in 2001.
        -:  931:
        -:  932:  The price for mmap is also high now; each time glibc mmaps from the
        -:  933:  kernel, the kernel is forced to zero out the memory it gives to the
        -:  934:  application. Zeroing memory is expensive and eats a lot of cache and
        -:  935:  memory bandwidth. This has nothing to do with the efficiency of the
        -:  936:  virtual memory system, by doing mmap the kernel just has no choice but
        -:  937:  to zero.
        -:  938:
        -:  939:  In 2001, the kernel had a maximum size for brk() which was about 800
        -:  940:  megabytes on 32 bit x86, at that point brk() would hit the first
        -:  941:  mmaped shared libaries and couldn't expand anymore. With current 2.6
        -:  942:  kernels, the VA space layout is different and brk() and mmap
        -:  943:  both can span the entire heap at will.
        -:  944:
        -:  945:  Rather than using a static threshold for the brk/mmap tradeoff,
        -:  946:  we are now using a simple dynamic one. The goal is still to avoid
        -:  947:  fragmentation. The old goals we kept are
        -:  948:  1) try to get the long lived large allocations to use mmap()
        -:  949:  2) really large allocations should always use mmap()
        -:  950:  and we're adding now:
        -:  951:  3) transient allocations should use brk() to avoid forcing the kernel
        -:  952:     having to zero memory over and over again
        -:  953:
        -:  954:  The implementation works with a sliding threshold, which is by default
        -:  955:  limited to go between 128Kb and 32Mb (64Mb for 64 bitmachines) and starts
        -:  956:  out at 128Kb as per the 2001 default.
        -:  957:
        -:  958:  This allows us to satisfy requirement 1) under the assumption that long
        -:  959:  lived allocations are made early in the process' lifespan, before it has
        -:  960:  started doing dynamic allocations of the same size (which will
        -:  961:  increase the threshold).
        -:  962:
        -:  963:  The upperbound on the threshold satisfies requirement 2)
        -:  964:
        -:  965:  The threshold goes up in value when the application frees memory that was
        -:  966:  allocated with the mmap allocator. The idea is that once the application
        -:  967:  starts freeing memory of a certain size, it's highly probable that this is
        -:  968:  a size the application uses for transient allocations. This estimator
        -:  969:  is there to satisfy the new third requirement.
        -:  970:
        -:  971:*/
        -:  972:
        -:  973:#define M_MMAP_THRESHOLD      -3
        -:  974:
        -:  975:#ifndef DEFAULT_MMAP_THRESHOLD
        -:  976:#define DEFAULT_MMAP_THRESHOLD DEFAULT_MMAP_THRESHOLD_MIN
        -:  977:#endif
        -:  978:
        -:  979:/*
        -:  980:  M_MMAP_MAX is the maximum number of requests to simultaneously
        -:  981:  service using mmap. This parameter exists because
        -:  982:  some systems have a limited number of internal tables for
        -:  983:  use by mmap, and using more than a few of them may degrade
        -:  984:  performance.
        -:  985:
        -:  986:  The default is set to a value that serves only as a safeguard.
        -:  987:  Setting to 0 disables use of mmap for servicing large requests.
        -:  988:*/
        -:  989:
        -:  990:#define M_MMAP_MAX             -4
        -:  991:
        -:  992:#ifndef DEFAULT_MMAP_MAX
        -:  993:#define DEFAULT_MMAP_MAX       (65536)
        -:  994:#endif
        -:  995:
        -:  996:#include <malloc.h>
        -:  997:
        -:  998:#ifndef RETURN_ADDRESS
        -:  999:#define RETURN_ADDRESS(X_) (NULL)
        -: 1000:#endif
        -: 1001:
        -: 1002:/* Forward declarations.  */
        -: 1003:struct malloc_chunk;
        -: 1004:typedef struct malloc_chunk* mchunkptr;
        -: 1005:
        -: 1006:/* Internal routines.  */
        -: 1007:
        -: 1008:static void*  _int_malloc(mstate, size_t);
        -: 1009:static void     _int_free(mstate, mchunkptr, int);
        -: 1010:static void*  _int_realloc(mstate, mchunkptr, INTERNAL_SIZE_T,
        -: 1011:			   INTERNAL_SIZE_T);
        -: 1012:static void*  _int_memalign(mstate, size_t, size_t);
        -: 1013:static void*  _mid_memalign(size_t, size_t, void *);
        -: 1014:
        -: 1015:static void malloc_printerr(const char *str) __attribute__ ((noreturn));
        -: 1016:
        -: 1017:static void* mem2mem_check(void *p, size_t sz);
        -: 1018:static void top_check(void);
        -: 1019:static void munmap_chunk(mchunkptr p);
        -: 1020:#if HAVE_MREMAP
        -: 1021:static mchunkptr mremap_chunk(mchunkptr p, size_t new_size);
        -: 1022:#endif
        -: 1023:
        -: 1024:static void*   malloc_check(size_t sz, const void *caller);
        -: 1025:static void      free_check(void* mem, const void *caller);
        -: 1026:static void*   realloc_check(void* oldmem, size_t bytes,
        -: 1027:			       const void *caller);
        -: 1028:static void*   memalign_check(size_t alignment, size_t bytes,
        -: 1029:				const void *caller);
        -: 1030:
        -: 1031:/* ------------------ MMAP support ------------------  */
        -: 1032:
        -: 1033:
        -: 1034:#include <fcntl.h>
        -: 1035:#include <sys/mman.h>
        -: 1036:
        -: 1037:#if !defined(MAP_ANONYMOUS) && defined(MAP_ANON)
        -: 1038:# define MAP_ANONYMOUS MAP_ANON
        -: 1039:#endif
        -: 1040:
        -: 1041:#ifndef MAP_NORESERVE
        -: 1042:# define MAP_NORESERVE 0
        -: 1043:#endif
        -: 1044:
        -: 1045:#define MMAP(addr, size, prot, flags) \
        -: 1046: __mmap((addr), (size), (prot), (flags)|MAP_ANONYMOUS|MAP_PRIVATE, -1, 0)
        -: 1047:
        -: 1048:
        -: 1049:/*
        -: 1050:  -----------------------  Chunk representations -----------------------
        -: 1051:*/
        -: 1052:
        -: 1053:
        -: 1054:/*
        -: 1055:  This struct declaration is misleading (but accurate and necessary).
        -: 1056:  It declares a "view" into memory allowing access to necessary
        -: 1057:  fields at known offsets from a given base. See explanation below.
        -: 1058:*/
        -: 1059:
        -: 1060:struct malloc_chunk {
        -: 1061:
        -: 1062:  INTERNAL_SIZE_T      mchunk_prev_size;  /* Size of previous chunk (if free).  */
        -: 1063:  INTERNAL_SIZE_T      mchunk_size;       /* Size in bytes, including overhead. */
        -: 1064:
        -: 1065:  struct malloc_chunk* fd;         /* double links -- used only if free. */
        -: 1066:  struct malloc_chunk* bk;
        -: 1067:
        -: 1068:  /* Only used for large blocks: pointer to next larger size.  */
        -: 1069:  struct malloc_chunk* fd_nextsize; /* double links -- used only if free. */
        -: 1070:  struct malloc_chunk* bk_nextsize;
        -: 1071:};
        -: 1072:
        -: 1073:
        -: 1074:/*
        -: 1075:   malloc_chunk details:
        -: 1076:
        -: 1077:    (The following includes lightly edited explanations by Colin Plumb.)
        -: 1078:
        -: 1079:    Chunks of memory are maintained using a `boundary tag' method as
        -: 1080:    described in e.g., Knuth or Standish.  (See the paper by Paul
        -: 1081:    Wilson ftp://ftp.cs.utexas.edu/pub/garbage/allocsrv.ps for a
        -: 1082:    survey of such techniques.)  Sizes of free chunks are stored both
        -: 1083:    in the front of each chunk and at the end.  This makes
        -: 1084:    consolidating fragmented chunks into bigger chunks very fast.  The
        -: 1085:    size fields also hold bits representing whether chunks are free or
        -: 1086:    in use.
        -: 1087:
        -: 1088:    An allocated chunk looks like this:
        -: 1089:
        -: 1090:
        -: 1091:    chunk-> +-+-+-+-+-+-+-+-+-+-+-+-+-+-+-+-+-+-+-+-+-+-+-+-+-+-+-+-+-+-+-+-+
        -: 1092:	    |             Size of previous chunk, if unallocated (P clear)  |
        -: 1093:	    +-+-+-+-+-+-+-+-+-+-+-+-+-+-+-+-+-+-+-+-+-+-+-+-+-+-+-+-+-+-+-+-+
        -: 1094:	    |             Size of chunk, in bytes                     |A|M|P|
        -: 1095:      mem-> +-+-+-+-+-+-+-+-+-+-+-+-+-+-+-+-+-+-+-+-+-+-+-+-+-+-+-+-+-+-+-+-+
        -: 1096:	    |             User data starts here...                          .
        -: 1097:	    .                                                               .
        -: 1098:	    .             (malloc_usable_size() bytes)                      .
        -: 1099:	    .                                                               |
        -: 1100:nextchunk-> +-+-+-+-+-+-+-+-+-+-+-+-+-+-+-+-+-+-+-+-+-+-+-+-+-+-+-+-+-+-+-+-+
        -: 1101:	    |             (size of chunk, but used for application data)    |
        -: 1102:	    +-+-+-+-+-+-+-+-+-+-+-+-+-+-+-+-+-+-+-+-+-+-+-+-+-+-+-+-+-+-+-+-+
        -: 1103:	    |             Size of next chunk, in bytes                |A|0|1|
        -: 1104:	    +-+-+-+-+-+-+-+-+-+-+-+-+-+-+-+-+-+-+-+-+-+-+-+-+-+-+-+-+-+-+-+-+
        -: 1105:
        -: 1106:    Where "chunk" is the front of the chunk for the purpose of most of
        -: 1107:    the malloc code, but "mem" is the pointer that is returned to the
        -: 1108:    user.  "Nextchunk" is the beginning of the next contiguous chunk.
        -: 1109:
        -: 1110:    Chunks always begin on even word boundaries, so the mem portion
        -: 1111:    (which is returned to the user) is also on an even word boundary, and
        -: 1112:    thus at least double-word aligned.
        -: 1113:
        -: 1114:    Free chunks are stored in circular doubly-linked lists, and look like this:
        -: 1115:
        -: 1116:    chunk-> +-+-+-+-+-+-+-+-+-+-+-+-+-+-+-+-+-+-+-+-+-+-+-+-+-+-+-+-+-+-+-+-+
        -: 1117:	    |             Size of previous chunk, if unallocated (P clear)  |
        -: 1118:	    +-+-+-+-+-+-+-+-+-+-+-+-+-+-+-+-+-+-+-+-+-+-+-+-+-+-+-+-+-+-+-+-+
        -: 1119:    `head:' |             Size of chunk, in bytes                     |A|0|P|
        -: 1120:      mem-> +-+-+-+-+-+-+-+-+-+-+-+-+-+-+-+-+-+-+-+-+-+-+-+-+-+-+-+-+-+-+-+-+
        -: 1121:	    |             Forward pointer to next chunk in list             |
        -: 1122:	    +-+-+-+-+-+-+-+-+-+-+-+-+-+-+-+-+-+-+-+-+-+-+-+-+-+-+-+-+-+-+-+-+
        -: 1123:	    |             Back pointer to previous chunk in list            |
        -: 1124:	    +-+-+-+-+-+-+-+-+-+-+-+-+-+-+-+-+-+-+-+-+-+-+-+-+-+-+-+-+-+-+-+-+
        -: 1125:	    |             Unused space (may be 0 bytes long)                .
        -: 1126:	    .                                                               .
        -: 1127:	    .                                                               |
        -: 1128:nextchunk-> +-+-+-+-+-+-+-+-+-+-+-+-+-+-+-+-+-+-+-+-+-+-+-+-+-+-+-+-+-+-+-+-+
        -: 1129:    `foot:' |             Size of chunk, in bytes                           |
        -: 1130:	    +-+-+-+-+-+-+-+-+-+-+-+-+-+-+-+-+-+-+-+-+-+-+-+-+-+-+-+-+-+-+-+-+
        -: 1131:	    |             Size of next chunk, in bytes                |A|0|0|
        -: 1132:	    +-+-+-+-+-+-+-+-+-+-+-+-+-+-+-+-+-+-+-+-+-+-+-+-+-+-+-+-+-+-+-+-+
        -: 1133:
        -: 1134:    The P (PREV_INUSE) bit, stored in the unused low-order bit of the
        -: 1135:    chunk size (which is always a multiple of two words), is an in-use
        -: 1136:    bit for the *previous* chunk.  If that bit is *clear*, then the
        -: 1137:    word before the current chunk size contains the previous chunk
        -: 1138:    size, and can be used to find the front of the previous chunk.
        -: 1139:    The very first chunk allocated always has this bit set,
        -: 1140:    preventing access to non-existent (or non-owned) memory. If
        -: 1141:    prev_inuse is set for any given chunk, then you CANNOT determine
        -: 1142:    the size of the previous chunk, and might even get a memory
        -: 1143:    addressing fault when trying to do so.
        -: 1144:
        -: 1145:    The A (NON_MAIN_ARENA) bit is cleared for chunks on the initial,
        -: 1146:    main arena, described by the main_arena variable.  When additional
        -: 1147:    threads are spawned, each thread receives its own arena (up to a
        -: 1148:    configurable limit, after which arenas are reused for multiple
        -: 1149:    threads), and the chunks in these arenas have the A bit set.  To
        -: 1150:    find the arena for a chunk on such a non-main arena, heap_for_ptr
        -: 1151:    performs a bit mask operation and indirection through the ar_ptr
        -: 1152:    member of the per-heap header heap_info (see arena.c).
        -: 1153:
        -: 1154:    Note that the `foot' of the current chunk is actually represented
        -: 1155:    as the prev_size of the NEXT chunk. This makes it easier to
        -: 1156:    deal with alignments etc but can be very confusing when trying
        -: 1157:    to extend or adapt this code.
        -: 1158:
        -: 1159:    The three exceptions to all this are:
        -: 1160:
        -: 1161:     1. The special chunk `top' doesn't bother using the
        -: 1162:	trailing size field since there is no next contiguous chunk
        -: 1163:	that would have to index off it. After initialization, `top'
        -: 1164:	is forced to always exist.  If it would become less than
        -: 1165:	MINSIZE bytes long, it is replenished.
        -: 1166:
        -: 1167:     2. Chunks allocated via mmap, which have the second-lowest-order
        -: 1168:	bit M (IS_MMAPPED) set in their size fields.  Because they are
        -: 1169:	allocated one-by-one, each must contain its own trailing size
        -: 1170:	field.  If the M bit is set, the other bits are ignored
        -: 1171:	(because mmapped chunks are neither in an arena, nor adjacent
        -: 1172:	to a freed chunk).  The M bit is also used for chunks which
        -: 1173:	originally came from a dumped heap via malloc_set_state in
        -: 1174:	hooks.c.
        -: 1175:
        -: 1176:     3. Chunks in fastbins are treated as allocated chunks from the
        -: 1177:	point of view of the chunk allocator.  They are consolidated
        -: 1178:	with their neighbors only in bulk, in malloc_consolidate.
        -: 1179:*/
        -: 1180:
        -: 1181:/*
        -: 1182:  ---------- Size and alignment checks and conversions ----------
        -: 1183:*/
        -: 1184:
        -: 1185:/* conversion from malloc headers to user pointers, and back */
        -: 1186:
        -: 1187:#define chunk2mem(p)   ((void*)((char*)(p) + 2*SIZE_SZ))
        -: 1188:#define mem2chunk(mem) ((mchunkptr)((char*)(mem) - 2*SIZE_SZ))
        -: 1189:
        -: 1190:/* The smallest possible chunk */
        -: 1191:#define MIN_CHUNK_SIZE        (offsetof(struct malloc_chunk, fd_nextsize))
        -: 1192:
        -: 1193:/* The smallest size we can malloc is an aligned minimal chunk */
        -: 1194:
        -: 1195:#define MINSIZE  \
        -: 1196:  (unsigned long)(((MIN_CHUNK_SIZE+MALLOC_ALIGN_MASK) & ~MALLOC_ALIGN_MASK))
        -: 1197:
        -: 1198:/* Check if m has acceptable alignment */
        -: 1199:
        -: 1200:#define aligned_OK(m)  (((unsigned long)(m) & MALLOC_ALIGN_MASK) == 0)
        -: 1201:
        -: 1202:#define misaligned_chunk(p) \
        -: 1203:  ((uintptr_t)(MALLOC_ALIGNMENT == 2 * SIZE_SZ ? (p) : chunk2mem (p)) \
        -: 1204:   & MALLOC_ALIGN_MASK)
        -: 1205:
        -: 1206:/* pad request bytes into a usable size -- internal version */
        -: 1207:
        -: 1208:#define request2size(req)                                         \
        -: 1209:  (((req) + SIZE_SZ + MALLOC_ALIGN_MASK < MINSIZE)  ?             \
        -: 1210:   MINSIZE :                                                      \
        -: 1211:   ((req) + SIZE_SZ + MALLOC_ALIGN_MASK) & ~MALLOC_ALIGN_MASK)
        -: 1212:
        -: 1213:/* Check if REQ overflows when padded and aligned and if the resulting value
        -: 1214:   is less than PTRDIFF_T.  Returns TRUE and the requested size or MINSIZE in
        -: 1215:   case the value is less than MINSIZE on SZ or false if any of the previous
        -: 1216:   check fail.  */
        -: 1217:static inline bool
        -: 1218:checked_request2size (size_t req, size_t *sz) __nonnull (1)
        -: 1219:{
     1504: 1220:  if (__glibc_unlikely (req > PTRDIFF_MAX))
branch  0 never executed
branch  1 never executed
branch  2 taken 100% (fallthrough)
branch  3 taken 0%
branch  4 taken 100% (fallthrough)
branch  5 taken 0%
branch  6 taken 100% (fallthrough)
branch  7 taken 0%
branch  8 never executed
branch  9 never executed
        -: 1221:    return false;
     1504: 1222:  *sz = request2size (req);
branch  0 never executed
branch  1 never executed
branch  2 taken 96% (fallthrough)
branch  3 taken 4%
branch  4 taken 100% (fallthrough)
branch  5 taken 0%
branch  6 taken 99% (fallthrough)
branch  7 taken 1%
branch  8 never executed
branch  9 never executed
        -: 1223:  return true;
        -: 1224:}
        -: 1225:
        -: 1226:/*
        -: 1227:   --------------- Physical chunk operations ---------------
        -: 1228: */
        -: 1229:
        -: 1230:
        -: 1231:/* size field is or'ed with PREV_INUSE when previous adjacent chunk in use */
        -: 1232:#define PREV_INUSE 0x1
        -: 1233:
        -: 1234:/* extract inuse bit of previous chunk */
        -: 1235:#define prev_inuse(p)       ((p)->mchunk_size & PREV_INUSE)
        -: 1236:
        -: 1237:
        -: 1238:/* size field is or'ed with IS_MMAPPED if the chunk was obtained with mmap() */
        -: 1239:#define IS_MMAPPED 0x2
        -: 1240:
        -: 1241:/* check for mmap()'ed chunk */
        -: 1242:#define chunk_is_mmapped(p) ((p)->mchunk_size & IS_MMAPPED)
        -: 1243:
        -: 1244:
        -: 1245:/* size field is or'ed with NON_MAIN_ARENA if the chunk was obtained
        -: 1246:   from a non-main arena.  This is only set immediately before handing
        -: 1247:   the chunk to the user, if necessary.  */
        -: 1248:#define NON_MAIN_ARENA 0x4
        -: 1249:
        -: 1250:/* Check for chunk from main arena.  */
        -: 1251:#define chunk_main_arena(p) (((p)->mchunk_size & NON_MAIN_ARENA) == 0)
        -: 1252:
        -: 1253:/* Mark a chunk as not being on the main arena.  */
        -: 1254:#define set_non_main_arena(p) ((p)->mchunk_size |= NON_MAIN_ARENA)
        -: 1255:
        -: 1256:
        -: 1257:/*
        -: 1258:   Bits to mask off when extracting size
        -: 1259:
        -: 1260:   Note: IS_MMAPPED is intentionally not masked off from size field in
        -: 1261:   macros for which mmapped chunks should never be seen. This should
        -: 1262:   cause helpful core dumps to occur if it is tried by accident by
        -: 1263:   people extending or adapting this malloc.
        -: 1264: */
        -: 1265:#define SIZE_BITS (PREV_INUSE | IS_MMAPPED | NON_MAIN_ARENA)
        -: 1266:
        -: 1267:/* Get size, ignoring use bits */
        -: 1268:#define chunksize(p) (chunksize_nomask (p) & ~(SIZE_BITS))
        -: 1269:
        -: 1270:/* Like chunksize, but do not mask SIZE_BITS.  */
        -: 1271:#define chunksize_nomask(p)         ((p)->mchunk_size)
        -: 1272:
        -: 1273:/* Ptr to next physical malloc_chunk. */
        -: 1274:#define next_chunk(p) ((mchunkptr) (((char *) (p)) + chunksize (p)))
        -: 1275:
        -: 1276:/* Size of the chunk below P.  Only valid if !prev_inuse (P).  */
        -: 1277:#define prev_size(p) ((p)->mchunk_prev_size)
        -: 1278:
        -: 1279:/* Set the size of the chunk below P.  Only valid if !prev_inuse (P).  */
        -: 1280:#define set_prev_size(p, sz) ((p)->mchunk_prev_size = (sz))
        -: 1281:
        -: 1282:/* Ptr to previous physical malloc_chunk.  Only valid if !prev_inuse (P).  */
        -: 1283:#define prev_chunk(p) ((mchunkptr) (((char *) (p)) - prev_size (p)))
        -: 1284:
        -: 1285:/* Treat space at ptr + offset as a chunk */
        -: 1286:#define chunk_at_offset(p, s)  ((mchunkptr) (((char *) (p)) + (s)))
        -: 1287:
        -: 1288:/* extract p's inuse bit */
        -: 1289:#define inuse(p)							      \
        -: 1290:  ((((mchunkptr) (((char *) (p)) + chunksize (p)))->mchunk_size) & PREV_INUSE)
        -: 1291:
        -: 1292:/* set/clear chunk as being inuse without otherwise disturbing */
        -: 1293:#define set_inuse(p)							      \
        -: 1294:  ((mchunkptr) (((char *) (p)) + chunksize (p)))->mchunk_size |= PREV_INUSE
        -: 1295:
        -: 1296:#define clear_inuse(p)							      \
        -: 1297:  ((mchunkptr) (((char *) (p)) + chunksize (p)))->mchunk_size &= ~(PREV_INUSE)
        -: 1298:
        -: 1299:
        -: 1300:/* check/set/clear inuse bits in known places */
        -: 1301:#define inuse_bit_at_offset(p, s)					      \
        -: 1302:  (((mchunkptr) (((char *) (p)) + (s)))->mchunk_size & PREV_INUSE)
        -: 1303:
        -: 1304:#define set_inuse_bit_at_offset(p, s)					      \
        -: 1305:  (((mchunkptr) (((char *) (p)) + (s)))->mchunk_size |= PREV_INUSE)
        -: 1306:
        -: 1307:#define clear_inuse_bit_at_offset(p, s)					      \
        -: 1308:  (((mchunkptr) (((char *) (p)) + (s)))->mchunk_size &= ~(PREV_INUSE))
        -: 1309:
        -: 1310:
        -: 1311:/* Set size at head, without disturbing its use bit */
        -: 1312:#define set_head_size(p, s)  ((p)->mchunk_size = (((p)->mchunk_size & SIZE_BITS) | (s)))
        -: 1313:
        -: 1314:/* Set size/use field */
        -: 1315:#define set_head(p, s)       ((p)->mchunk_size = (s))
        -: 1316:
        -: 1317:/* Set size at footer (only when chunk is not in use) */
        -: 1318:#define set_foot(p, s)       (((mchunkptr) ((char *) (p) + (s)))->mchunk_prev_size = (s))
        -: 1319:
        -: 1320:
        -: 1321:#pragma GCC poison mchunk_size
        -: 1322:#pragma GCC poison mchunk_prev_size
        -: 1323:
        -: 1324:/*
        -: 1325:   -------------------- Internal data structures --------------------
        -: 1326:
        -: 1327:   All internal state is held in an instance of malloc_state defined
        -: 1328:   below. There are no other static variables, except in two optional
        -: 1329:   cases:
        -: 1330: * If USE_MALLOC_LOCK is defined, the mALLOC_MUTEx declared above.
        -: 1331: * If mmap doesn't support MAP_ANONYMOUS, a dummy file descriptor
        -: 1332:     for mmap.
        -: 1333:
        -: 1334:   Beware of lots of tricks that minimize the total bookkeeping space
        -: 1335:   requirements. The result is a little over 1K bytes (for 4byte
        -: 1336:   pointers and size_t.)
        -: 1337: */
        -: 1338:
        -: 1339:/*
        -: 1340:   Bins
        -: 1341:
        -: 1342:    An array of bin headers for free chunks. Each bin is doubly
        -: 1343:    linked.  The bins are approximately proportionally (log) spaced.
        -: 1344:    There are a lot of these bins (128). This may look excessive, but
        -: 1345:    works very well in practice.  Most bins hold sizes that are
        -: 1346:    unusual as malloc request sizes, but are more usual for fragments
        -: 1347:    and consolidated sets of chunks, which is what these bins hold, so
        -: 1348:    they can be found quickly.  All procedures maintain the invariant
        -: 1349:    that no consolidated chunk physically borders another one, so each
        -: 1350:    chunk in a list is known to be preceeded and followed by either
        -: 1351:    inuse chunks or the ends of memory.
        -: 1352:
        -: 1353:    Chunks in bins are kept in size order, with ties going to the
        -: 1354:    approximately least recently used chunk. Ordering isn't needed
        -: 1355:    for the small bins, which all contain the same-sized chunks, but
        -: 1356:    facilitates best-fit allocation for larger chunks. These lists
        -: 1357:    are just sequential. Keeping them in order almost never requires
        -: 1358:    enough traversal to warrant using fancier ordered data
        -: 1359:    structures.
        -: 1360:
        -: 1361:    Chunks of the same size are linked with the most
        -: 1362:    recently freed at the front, and allocations are taken from the
        -: 1363:    back.  This results in LRU (FIFO) allocation order, which tends
        -: 1364:    to give each chunk an equal opportunity to be consolidated with
        -: 1365:    adjacent freed chunks, resulting in larger free chunks and less
        -: 1366:    fragmentation.
        -: 1367:
        -: 1368:    To simplify use in double-linked lists, each bin header acts
        -: 1369:    as a malloc_chunk. This avoids special-casing for headers.
        -: 1370:    But to conserve space and improve locality, we allocate
        -: 1371:    only the fd/bk pointers of bins, and then use repositioning tricks
        -: 1372:    to treat these as the fields of a malloc_chunk*.
        -: 1373: */
        -: 1374:
        -: 1375:typedef struct malloc_chunk *mbinptr;
        -: 1376:
        -: 1377:/* addressing -- note that bin_at(0) does not exist */
        -: 1378:#define bin_at(m, i) \
        -: 1379:  (mbinptr) (((char *) &((m)->bins[((i) - 1) * 2]))			      \
        -: 1380:             - offsetof (struct malloc_chunk, fd))
        -: 1381:
        -: 1382:/* analog of ++bin */
        -: 1383:#define next_bin(b)  ((mbinptr) ((char *) (b) + (sizeof (mchunkptr) << 1)))
        -: 1384:
        -: 1385:/* Reminders about list directionality within bins */
        -: 1386:#define first(b)     ((b)->fd)
        -: 1387:#define last(b)      ((b)->bk)
        -: 1388:
        -: 1389:/*
        -: 1390:   Indexing
        -: 1391:
        -: 1392:    Bins for sizes < 512 bytes contain chunks of all the same size, spaced
        -: 1393:    8 bytes apart. Larger bins are approximately logarithmically spaced:
        -: 1394:
        -: 1395:    64 bins of size       8
        -: 1396:    32 bins of size      64
        -: 1397:    16 bins of size     512
        -: 1398:     8 bins of size    4096
        -: 1399:     4 bins of size   32768
        -: 1400:     2 bins of size  262144
        -: 1401:     1 bin  of size what's left
        -: 1402:
        -: 1403:    There is actually a little bit of slop in the numbers in bin_index
        -: 1404:    for the sake of speed. This makes no difference elsewhere.
        -: 1405:
        -: 1406:    The bins top out around 1MB because we expect to service large
        -: 1407:    requests via mmap.
        -: 1408:
        -: 1409:    Bin 0 does not exist.  Bin 1 is the unordered list; if that would be
        -: 1410:    a valid chunk size the small bins are bumped up one.
        -: 1411: */
        -: 1412:
        -: 1413:#define NBINS             128
        -: 1414:#define NSMALLBINS         64
        -: 1415:#define SMALLBIN_WIDTH    MALLOC_ALIGNMENT
        -: 1416:#define SMALLBIN_CORRECTION (MALLOC_ALIGNMENT > 2 * SIZE_SZ)
        -: 1417:#define MIN_LARGE_SIZE    ((NSMALLBINS - SMALLBIN_CORRECTION) * SMALLBIN_WIDTH)
        -: 1418:
        -: 1419:#define in_smallbin_range(sz)  \
        -: 1420:  ((unsigned long) (sz) < (unsigned long) MIN_LARGE_SIZE)
        -: 1421:
        -: 1422:#define smallbin_index(sz) \
        -: 1423:  ((SMALLBIN_WIDTH == 16 ? (((unsigned) (sz)) >> 4) : (((unsigned) (sz)) >> 3))\
        -: 1424:   + SMALLBIN_CORRECTION)
        -: 1425:
        -: 1426:#define largebin_index_32(sz)                                                \
        -: 1427:  (((((unsigned long) (sz)) >> 6) <= 38) ?  56 + (((unsigned long) (sz)) >> 6) :\
        -: 1428:   ((((unsigned long) (sz)) >> 9) <= 20) ?  91 + (((unsigned long) (sz)) >> 9) :\
        -: 1429:   ((((unsigned long) (sz)) >> 12) <= 10) ? 110 + (((unsigned long) (sz)) >> 12) :\
        -: 1430:   ((((unsigned long) (sz)) >> 15) <= 4) ? 119 + (((unsigned long) (sz)) >> 15) :\
        -: 1431:   ((((unsigned long) (sz)) >> 18) <= 2) ? 124 + (((unsigned long) (sz)) >> 18) :\
        -: 1432:   126)
        -: 1433:
        -: 1434:#define largebin_index_32_big(sz)                                            \
        -: 1435:  (((((unsigned long) (sz)) >> 6) <= 45) ?  49 + (((unsigned long) (sz)) >> 6) :\
        -: 1436:   ((((unsigned long) (sz)) >> 9) <= 20) ?  91 + (((unsigned long) (sz)) >> 9) :\
        -: 1437:   ((((unsigned long) (sz)) >> 12) <= 10) ? 110 + (((unsigned long) (sz)) >> 12) :\
        -: 1438:   ((((unsigned long) (sz)) >> 15) <= 4) ? 119 + (((unsigned long) (sz)) >> 15) :\
        -: 1439:   ((((unsigned long) (sz)) >> 18) <= 2) ? 124 + (((unsigned long) (sz)) >> 18) :\
        -: 1440:   126)
        -: 1441:
[...]
        -: 5263: * Consecutive calls to MORECORE with positive arguments
        -: 5264:      return increasing addresses, indicating that space has been
        -: 5265:      contiguously extended.
        -: 5266:
        -: 5267: * MORECORE need not allocate in multiples of pagesize.
        -: 5268:      Calls to MORECORE need not have args of multiples of pagesize.
        -: 5269:
        -: 5270: * MORECORE need not page-align.
        -: 5271:
        -: 5272:   In either case:
        -: 5273:
        -: 5274: * MORECORE may allocate more memory than requested. (Or even less,
        -: 5275:      but this will generally result in a malloc failure.)
        -: 5276:
        -: 5277: * MORECORE must not allocate memory when given argument zero, but
        -: 5278:      instead return one past the end address of memory from previous
        -: 5279:      nonzero call. This malloc does NOT call MORECORE(0)
        -: 5280:      until at least one call with positive arguments is made, so
        -: 5281:      the initial value returned is not important.
        -: 5282:
        -: 5283: * Even though consecutive calls to MORECORE need not return contiguous
        -: 5284:      addresses, it must be OK for malloc'ed chunks to span multiple
        -: 5285:      regions in those cases where they do happen to be contiguous.
        -: 5286:
        -: 5287: * MORECORE need not handle negative arguments -- it may instead
        -: 5288:      just return MORECORE_FAILURE when given negative arguments.
        -: 5289:      Negative arguments are always multiples of pagesize. MORECORE
        -: 5290:      must not misinterpret negative args as large positive unsigned
        -: 5291:      args. You can suppress all such calls from even occurring by defining
        -: 5292:      MORECORE_CANNOT_TRIM,
        -: 5293:
        -: 5294:   There is some variation across systems about the type of the
        -: 5295:   argument to sbrk/MORECORE. If size_t is unsigned, then it cannot
        -: 5296:   actually be size_t, because sbrk supports negative args, so it is
        -: 5297:   normally the signed type of the same width as size_t (sometimes
        -: 5298:   declared as "intptr_t", and sometimes "ptrdiff_t").  It doesn't much
        -: 5299:   matter though. Internally, we use "long" as arguments, which should
        -: 5300:   work across all reasonable possibilities.
        -: 5301:
        -: 5302:   Additionally, if MORECORE ever returns failure for a positive
        -: 5303:   request, then mmap is used as a noncontiguous system allocator. This
        -: 5304:   is a useful backup strategy for systems with holes in address spaces
        -: 5305:   -- in this case sbrk cannot contiguously expand the heap, but mmap
        -: 5306:   may be able to map noncontiguous space.
        -: 5307:
        -: 5308:   If you'd like mmap to ALWAYS be used, you can define MORECORE to be
        -: 5309:   a function that always returns MORECORE_FAILURE.
        -: 5310:
        -: 5311:   If you are using this malloc with something other than sbrk (or its
        -: 5312:   emulation) to supply memory regions, you probably want to set
        -: 5313:   MORECORE_CONTIGUOUS as false.  As an example, here is a custom
        -: 5314:   allocator kindly contributed for pre-OSX macOS.  It uses virtually
        -: 5315:   but not necessarily physically contiguous non-paged memory (locked
        -: 5316:   in, present and won't get swapped out).  You can use it by
        -: 5317:   uncommenting this section, adding some #includes, and setting up the
        -: 5318:   appropriate defines above:
        -: 5319:
        -: 5320: *#define MORECORE osMoreCore
        -: 5321: *#define MORECORE_CONTIGUOUS 0
        -: 5322:
        -: 5323:   There is also a shutdown routine that should somehow be called for
        -: 5324:   cleanup upon program exit.
        -: 5325:
        -: 5326: *#define MAX_POOL_ENTRIES 100
        -: 5327: *#define MINIMUM_MORECORE_SIZE  (64 * 1024)
        -: 5328:   static int next_os_pool;
        -: 5329:   void *our_os_pools[MAX_POOL_ENTRIES];
        -: 5330:
        -: 5331:   void *osMoreCore(int size)
        -: 5332:   {
        -: 5333:    void *ptr = 0;
        -: 5334:    static void *sbrk_top = 0;
        -: 5335:
        -: 5336:    if (size > 0)
        -: 5337:    {
        -: 5338:      if (size < MINIMUM_MORECORE_SIZE)
        -: 5339:         size = MINIMUM_MORECORE_SIZE;
        -: 5340:      if (CurrentExecutionLevel() == kTaskLevel)
        -: 5341:         ptr = PoolAllocateResident(size + RM_PAGE_SIZE, 0);
        -: 5342:      if (ptr == 0)
        -: 5343:      {
        -: 5344:        return (void *) MORECORE_FAILURE;
        -: 5345:      }
        -: 5346:      // save ptrs so they can be freed during cleanup
        -: 5347:      our_os_pools[next_os_pool] = ptr;
        -: 5348:      next_os_pool++;
        -: 5349:      ptr = (void *) ((((unsigned long) ptr) + RM_PAGE_MASK) & ~RM_PAGE_MASK);
        -: 5350:      sbrk_top = (char *) ptr + size;
        -: 5351:      return ptr;
        -: 5352:    }
        -: 5353:    else if (size < 0)
        -: 5354:    {
        -: 5355:      // we don't currently support shrink behavior
        -: 5356:      return (void *) MORECORE_FAILURE;
        -: 5357:    }
        -: 5358:    else
        -: 5359:    {
        -: 5360:      return sbrk_top;
        -: 5361:    }
        -: 5362:   }
        -: 5363:
        -: 5364:   // cleanup any allocated memory pools
        -: 5365:   // called as last thing before shutting down driver
        -: 5366:
        -: 5367:   void osCleanupMem(void)
        -: 5368:   {
        -: 5369:    void **ptr;
        -: 5370:
        -: 5371:    for (ptr = our_os_pools; ptr < &our_os_pools[MAX_POOL_ENTRIES]; ptr++)
        -: 5372:      if (*ptr)
        -: 5373:      {
        -: 5374:         PoolDeallocate(*ptr);
        -: 5375: * ptr = 0;
        -: 5376:      }
        -: 5377:   }
        -: 5378:
        -: 5379: */
        -: 5380:
        -: 5381:
        -: 5382:/* Helper code.  */
        -: 5383:
        -: 5384:extern char **__libc_argv attribute_hidden;
        -: 5385:
        -: 5386:static void
function malloc_printerr called 0 returned 0% blocks executed 0%
    #####: 5387:malloc_printerr (const char *str)
        -: 5388:{
    #####: 5389:  __libc_message (do_abort, "%s\n", str);
call    0 never executed
    #####: 5390:  __builtin_unreachable ();
        -: 5391:}
        -: 5392:
        -: 5393:/* We need a wrapper function for one of the additions of POSIX.  */
        -: 5394:int
function __posix_memalign called 0 returned 0% blocks executed 0%
    #####: 5395:__posix_memalign (void **memptr, size_t alignment, size_t size)
        -: 5396:{
        -: 5397:  void *mem;
        -: 5398:
        -: 5399:  /* Test whether the SIZE argument is valid.  It must be a power of
        -: 5400:     two multiple of sizeof (void *).  */
    #####: 5401:  if (alignment % sizeof (void *) != 0
branch  0 never executed
branch  1 never executed
    #####: 5402:      || !powerof2 (alignment / sizeof (void *))
branch  0 never executed
branch  1 never executed
    #####: 5403:      || alignment == 0)
branch  0 never executed
branch  1 never executed
        -: 5404:    return EINVAL;
        -: 5405:
        -: 5406:
    #####: 5407:  void *address = RETURN_ADDRESS (0);
call    0 never executed
call    1 never executed
    #####: 5408:  mem = _mid_memalign (alignment, size, address);
call    0 never executed
        -: 5409:
    #####: 5410:  if (mem != NULL)
branch  0 never executed
branch  1 never executed
        -: 5411:    {
    #####: 5412:      *memptr = mem;
    #####: 5413:      return 0;
        -: 5414:    }
        -: 5415:
        -: 5416:  return ENOMEM;
        -: 5417:}
        -: 5418:weak_alias (__posix_memalign, posix_memalign)
        -: 5419:
        -: 5420:
        -: 5421:int
function __malloc_info called 0 returned 0% blocks executed 0%
    #####: 5422:__malloc_info (int options, FILE *fp)
        -: 5423:{
        -: 5424:  /* For now, at least.  */
    #####: 5425:  if (options != 0)
branch  0 never executed
branch  1 never executed
        -: 5426:    return EINVAL;
        -: 5427:
    #####: 5428:  int n = 0;
    #####: 5429:  size_t total_nblocks = 0;
    #####: 5430:  size_t total_nfastblocks = 0;
    #####: 5431:  size_t total_avail = 0;
    #####: 5432:  size_t total_fastavail = 0;
    #####: 5433:  size_t total_system = 0;
    #####: 5434:  size_t total_max_system = 0;
    #####: 5435:  size_t total_aspace = 0;
    #####: 5436:  size_t total_aspace_mprotect = 0;
        -: 5437:
        -: 5438:
        -: 5439:
    #####: 5440:  if (__malloc_initialized < 0)
branch  0 never executed
branch  1 never executed
    #####: 5441:    ptmalloc_init ();
call    0 never executed
        -: 5442:
    #####: 5443:  fputs ("<malloc version=\"1\">\n", fp);
        -: 5444:
        -: 5445:  /* Iterate over all arenas currently in use.  */
    #####: 5446:  mstate ar_ptr = &main_arena;
call    0 never executed
        -: 5447:  do
        -: 5448:    {
    #####: 5449:      fprintf (fp, "<heap nr=\"%d\">\n<sizes>\n", n++);
call    0 never executed
        -: 5450:
    #####: 5451:      size_t nblocks = 0;
    #####: 5452:      size_t nfastblocks = 0;
    #####: 5453:      size_t avail = 0;
    #####: 5454:      size_t fastavail = 0;
        -: 5455:      struct
        -: 5456:      {
        -: 5457:	size_t from;
        -: 5458:	size_t to;
        -: 5459:	size_t total;
        -: 5460:	size_t count;
        -: 5461:      } sizes[NFASTBINS + NBINS - 1];
        -: 5462:#define nsizes (sizeof (sizes) / sizeof (sizes[0]))
        -: 5463:
    #####: 5464:      __libc_lock_lock (ar_ptr->mutex);
call    0 never executed
branch  1 never executed
branch  2 never executed
branch  3 never executed
branch  4 never executed
call    5 never executed
        -: 5465:
        -: 5466:      /* Account for top chunk.  The top-most available chunk is
        -: 5467:	 treated specially and is never in any bin. See "initial_top"
        -: 5468:	 comments.  */
    #####: 5469:      avail = chunksize (ar_ptr->top);
    #####: 5470:      nblocks = 1;  /* Top always exists.  */
        -: 5471:
    #####: 5472:      for (size_t i = 0; i < NFASTBINS; ++i)
branch  0 never executed
branch  1 never executed
        -: 5473:	{
    #####: 5474:	  mchunkptr p = fastbin (ar_ptr, i);
    #####: 5475:	  if (p != NULL)
branch  0 never executed
branch  1 never executed
        -: 5476:	    {
    #####: 5477:	      size_t nthissize = 0;
    #####: 5478:	      size_t thissize = chunksize (p);
        -: 5479:
    #####: 5480:	      while (p != NULL)
branch  0 never executed
branch  1 never executed
        -: 5481:		{
    #####: 5482:		  if (__glibc_unlikely (misaligned_chunk (p)))
branch  0 never executed
branch  1 never executed
    #####: 5483:		    malloc_printerr ("__malloc_info(): "
call    0 never executed
        -: 5484:				     "unaligned fastbin chunk detected");
    #####: 5485:		  ++nthissize;
    #####: 5486:		  p = REVEAL_PTR (p->fd);
        -: 5487:		}
        -: 5488:
    #####: 5489:	      fastavail += nthissize * thissize;
    #####: 5490:	      nfastblocks += nthissize;
    #####: 5491:	      sizes[i].from = thissize - (MALLOC_ALIGNMENT - 1);
    #####: 5492:	      sizes[i].to = thissize;
    #####: 5493:	      sizes[i].count = nthissize;
        -: 5494:	    }
        -: 5495:	  else
    #####: 5496:	    sizes[i].from = sizes[i].to = sizes[i].count = 0;
        -: 5497:
    #####: 5498:	  sizes[i].total = sizes[i].count * sizes[i].to;
        -: 5499:	}
        -: 5500:
        -: 5501:
        -: 5502:      mbinptr bin;
        -: 5503:      struct malloc_chunk *r;
        -: 5504:
    #####: 5505:      for (size_t i = 1; i < NBINS; ++i)
branch  0 never executed
branch  1 never executed
        -: 5506:	{
    #####: 5507:	  bin = bin_at (ar_ptr, i);
    #####: 5508:	  r = bin->fd;
    #####: 5509:	  sizes[NFASTBINS - 1 + i].from = ~((size_t) 0);
    #####: 5510:	  sizes[NFASTBINS - 1 + i].to = sizes[NFASTBINS - 1 + i].total
    #####: 5511:					  = sizes[NFASTBINS - 1 + i].count = 0;
        -: 5512:
    #####: 5513:	  if (r != NULL)
branch  0 never executed
branch  1 never executed
    #####: 5514:	    while (r != bin)
branch  0 never executed
branch  1 never executed
        -: 5515:	      {
    #####: 5516:		size_t r_size = chunksize_nomask (r);
    #####: 5517:		++sizes[NFASTBINS - 1 + i].count;
    #####: 5518:		sizes[NFASTBINS - 1 + i].total += r_size;
        -: 5519:		sizes[NFASTBINS - 1 + i].from
    #####: 5520:		  = MIN (sizes[NFASTBINS - 1 + i].from, r_size);
    #####: 5521:		sizes[NFASTBINS - 1 + i].to = MAX (sizes[NFASTBINS - 1 + i].to,
        -: 5522:						   r_size);
        -: 5523:
    #####: 5524:		r = r->fd;
        -: 5525:	      }
        -: 5526:
    #####: 5527:	  if (sizes[NFASTBINS - 1 + i].count == 0)
branch  0 never executed
branch  1 never executed
    #####: 5528:	    sizes[NFASTBINS - 1 + i].from = 0;
    #####: 5529:	  nblocks += sizes[NFASTBINS - 1 + i].count;
    #####: 5530:	  avail += sizes[NFASTBINS - 1 + i].total;
        -: 5531:	}
        -: 5532:
    #####: 5533:      size_t heap_size = 0;
    #####: 5534:      size_t heap_mprotect_size = 0;
    #####: 5535:      size_t heap_count = 0;
    #####: 5536:      if (ar_ptr != &main_arena)
branch  0 never executed
branch  1 never executed
        -: 5537:	{
        -: 5538:	  /* Iterate over the arena heaps from back to front.  */
    #####: 5539:	  heap_info *heap = heap_for_ptr (top (ar_ptr));
        -: 5540:	  do
        -: 5541:	    {
    #####: 5542:	      heap_size += heap->size;
    #####: 5543:	      heap_mprotect_size += heap->mprotect_size;
    #####: 5544:	      heap = heap->prev;
    #####: 5545:	      ++heap_count;
        -: 5546:	    }
    #####: 5547:	  while (heap != NULL);
branch  0 never executed
branch  1 never executed
        -: 5548:	}
        -: 5549:
    #####: 5550:      __libc_lock_unlock (ar_ptr->mutex);
call    0 never executed
branch  1 never executed
branch  2 never executed
call    3 never executed
branch  4 never executed
branch  5 never executed
call    6 never executed
        -: 5551:
    #####: 5552:      total_nfastblocks += nfastblocks;
    #####: 5553:      total_fastavail += fastavail;
        -: 5554:
    #####: 5555:      total_nblocks += nblocks;
    #####: 5556:      total_avail += avail;
        -: 5557:
    #####: 5558:      for (size_t i = 0; i < nsizes; ++i)
branch  0 never executed
branch  1 never executed
    #####: 5559:	if (sizes[i].count != 0 && i != NFASTBINS)
branch  0 never executed
branch  1 never executed
branch  2 never executed
branch  3 never executed
    #####: 5560:	  fprintf (fp, "\
call    0 never executed
        -: 5561:  <size from=\"%zu\" to=\"%zu\" total=\"%zu\" count=\"%zu\"/>\n",
        -: 5562:		   sizes[i].from, sizes[i].to, sizes[i].total, sizes[i].count);
        -: 5563:
    #####: 5564:      if (sizes[NFASTBINS].count != 0)
branch  0 never executed
branch  1 never executed
    #####: 5565:	fprintf (fp, "\
call    0 never executed
        -: 5566:  <unsorted from=\"%zu\" to=\"%zu\" total=\"%zu\" count=\"%zu\"/>\n",
        -: 5567:		 sizes[NFASTBINS].from, sizes[NFASTBINS].to,
        -: 5568:		 sizes[NFASTBINS].total, sizes[NFASTBINS].count);
        -: 5569:
    #####: 5570:      total_system += ar_ptr->system_mem;
    #####: 5571:      total_max_system += ar_ptr->max_system_mem;
        -: 5572:
    #####: 5573:      fprintf (fp,
call    0 never executed
        -: 5574:	       "</sizes>\n<total type=\"fast\" count=\"%zu\" size=\"%zu\"/>\n"
        -: 5575:	       "<total type=\"rest\" count=\"%zu\" size=\"%zu\"/>\n"
        -: 5576:	       "<system type=\"current\" size=\"%zu\"/>\n"
        -: 5577:	       "<system type=\"max\" size=\"%zu\"/>\n",
        -: 5578:	       nfastblocks, fastavail, nblocks, avail,
        -: 5579:	       ar_ptr->system_mem, ar_ptr->max_system_mem);
        -: 5580:
    #####: 5581:      if (ar_ptr != &main_arena)
branch  0 never executed
branch  1 never executed
        -: 5582:	{
    #####: 5583:	  fprintf (fp,
call    0 never executed
        -: 5584:		   "<aspace type=\"total\" size=\"%zu\"/>\n"
        -: 5585:		   "<aspace type=\"mprotect\" size=\"%zu\"/>\n"
        -: 5586:		   "<aspace type=\"subheaps\" size=\"%zu\"/>\n",
        -: 5587:		   heap_size, heap_mprotect_size, heap_count);
    #####: 5588:	  total_aspace += heap_size;
    #####: 5589:	  total_aspace_mprotect += heap_mprotect_size;
        -: 5590:	}
        -: 5591:      else
        -: 5592:	{
    #####: 5593:	  fprintf (fp,
call    0 never executed
        -: 5594:		   "<aspace type=\"total\" size=\"%zu\"/>\n"
        -: 5595:		   "<aspace type=\"mprotect\" size=\"%zu\"/>\n",
        -: 5596:		   ar_ptr->system_mem, ar_ptr->system_mem);
    #####: 5597:	  total_aspace += ar_ptr->system_mem;
    #####: 5598:	  total_aspace_mprotect += ar_ptr->system_mem;
        -: 5599:	}
        -: 5600:
    #####: 5601:      fputs ("</heap>\n", fp);
call    0 never executed
    #####: 5602:      ar_ptr = ar_ptr->next;
        -: 5603:    }
    #####: 5604:  while (ar_ptr != &main_arena);
branch  0 never executed
branch  1 never executed
        -: 5605:
    #####: 5606:  fprintf (fp,
call    0 never executed
        -: 5607:	   "<total type=\"fast\" count=\"%zu\" size=\"%zu\"/>\n"
        -: 5608:	   "<total type=\"rest\" count=\"%zu\" size=\"%zu\"/>\n"
        -: 5609:	   "<total type=\"mmap\" count=\"%d\" size=\"%zu\"/>\n"
        -: 5610:	   "<system type=\"current\" size=\"%zu\"/>\n"
        -: 5611:	   "<system type=\"max\" size=\"%zu\"/>\n"
        -: 5612:	   "<aspace type=\"total\" size=\"%zu\"/>\n"
        -: 5613:	   "<aspace type=\"mprotect\" size=\"%zu\"/>\n"
        -: 5614:	   "</malloc>\n",
        -: 5615:	   total_nfastblocks, total_fastavail, total_nblocks, total_avail,
        -: 5616:	   mp_.n_mmaps, mp_.mmapped_mem,
        -: 5617:	   total_system, total_max_system,
        -: 5618:	   total_aspace, total_aspace_mprotect);
        -: 5619:
    #####: 5620:  return 0;
        -: 5621:}
        -: 5622:weak_alias (__malloc_info, malloc_info)
        -: 5623:
        -: 5624:
        -: 5625:strong_alias (__libc_calloc, __calloc) weak_alias (__libc_calloc, calloc)
        -: 5626:strong_alias (__libc_free, __free) strong_alias (__libc_free, free)
        -: 5627:strong_alias (__libc_malloc, __malloc) strong_alias (__libc_malloc, malloc)
        -: 5628:strong_alias (__libc_memalign, __memalign)
        -: 5629:weak_alias (__libc_memalign, memalign)
        -: 5630:strong_alias (__libc_realloc, __realloc) strong_alias (__libc_realloc, realloc)
        -: 5631:strong_alias (__libc_valloc, __valloc) weak_alias (__libc_valloc, valloc)
        -: 5632:strong_alias (__libc_pvalloc, __pvalloc) weak_alias (__libc_pvalloc, pvalloc)
        -: 5633:strong_alias (__libc_mallinfo, __mallinfo)
        -: 5634:weak_alias (__libc_mallinfo, mallinfo)
        -: 5635:strong_alias (__libc_mallopt, __mallopt) weak_alias (__libc_mallopt, mallopt)
        -: 5636:
        -: 5637:weak_alias (__malloc_stats, malloc_stats)
        -: 5638:weak_alias (__malloc_usable_size, malloc_usable_size)
        -: 5639:weak_alias (__malloc_trim, malloc_trim)
        -: 5640:
        -: 5641:#if SHLIB_COMPAT (libc, GLIBC_2_0, GLIBC_2_26)
        -: 5642:compat_symbol (libc, __libc_free, cfree, GLIBC_2_0);
        -: 5643:#endif
        -: 5644:
        -: 5645:/* ------------------------------------------------------------
        -: 5646:   History:
        -: 5647:
        -: 5648:   [see ftp://g.oswego.edu/pub/misc/malloc.c for the history of dlmalloc]
        -: 5649:
        -: 5650: */
        -: 5651:/*
        -: 5652: * Local variables:
        -: 5653: * c-basic-offset: 2
        -: 5654: * End:
        -: 5655: */
